0 [LOG] Control scheme file not found.
0 [EXCEPTION] FileNotFoundException: Could not find file "C:\Users\DIMA\Desktop\Папки\projects\electronapp\ControlScheme.json"
	System.IO.FileStream..ctor (System.String path, System.IO.FileMode mode, System.IO.FileAccess access, System.IO.FileShare share, System.Int32 bufferSize, System.Boolean anonymous, System.IO.FileOptions options) (at <eae584ce26bc40229c1b1aa476bfa589>:0)
System.IO.FileStream..ctor (System.String path, System.IO.FileMode mode, System.IO.FileAccess access, System.IO.FileShare share, System.Int32 bufferSize, System.IO.FileOptions options, System.String msgPath, System.Boolean bFromProxy, System.Boolean useLongPath, System.Boolean checkHost) (at <eae584ce26bc40229c1b1aa476bfa589>:0)
(wrapper remoting-invoke-with-check) System.IO.FileStream..ctor(string,System.IO.FileMode,System.IO.FileAccess,System.IO.FileShare,int,System.IO.FileOptions,string,bool,bool,bool)
System.IO.StreamReader..ctor (System.String path, System.Text.Encoding encoding, System.Boolean detectEncodingFromByteOrderMarks, System.Int32 bufferSize, System.Boolean checkHost) (at <eae584ce26bc40229c1b1aa476bfa589>:0)
System.IO.StreamReader..ctor (System.String path, System.Text.Encoding encoding, System.Boolean detectEncodingFromByteOrderMarks, System.Int32 bufferSize) (at <eae584ce26bc40229c1b1aa476bfa589>:0)
System.IO.StreamReader..ctor (System.String path, System.Boolean detectEncodingFromByteOrderMarks) (at <eae584ce26bc40229c1b1aa476bfa589>:0)
System.IO.StreamReader..ctor (System.String path) (at <eae584ce26bc40229c1b1aa476bfa589>:0)
(wrapper remoting-invoke-with-check) System.IO.StreamReader..ctor(string)
System.IO.File.ReadAllText (System.String path) (at <eae584ce26bc40229c1b1aa476bfa589>:0)
InputSystem.Load () (at <05ef5c21f20b48069e98ceefdb5d9a6e>:0)
UnityEngine.Debug:LogException(Exception)
InputSystem:Load()
ControlSchemeEditorBehaviour:LoadInputSystem()
ControlSchemeEditorBehaviour:Awake()
UnityEngine.GameObject:SetActive(Boolean)
MenuController:Awake()


0 [LOG] Jukebox not found. Can't load custom jukebox files.
0 [LOG] {
  "CollisionQuality": "Dynamic",
  "StopAnimationOnDamage": false,
  "DropOnDeath": true,
  "ShakeIntensity": 1.0,
  "ShowOutlines": true,
  "SlowMotionSpeed": 20.0,
  "AmbientTemperatureTransfer": false,
  "PhysicsIterations": 16,
  "ShowModLoadingFreeze": true,
  "RejectShadyCode": true,
  "MaxModCompilationTime": 30,
  "GorelessMode": false,
  "ProceduralFragments": false,
  "FragilityMultiplier": 1.0,
  "LimbCrushing": true,
  "BrainDamage": true,
  "LimbOverflowExplosion": false,
  "GoreMode": "Default",
  "AutoHealWounds": true,
  "ChunkyShotParticles": true,
  "DismembermentLooseTissue": true,
  "CrushForceMultiplier": 1.0,
  "BloomMode": "Fancy",
  "TracerBullets": true,
  "FancyEffects": true,
  "Decals": true,
  "Lighting": true,
  "MasterVolume": 1.0,
  "SfxVolume": 1.0,
  "UserInterfaceVolume": 1.0,
  "AmbienceVolume": 1.0,
  "AmbienceHighpassCutoff": 90.0,
  "ClampVolume": true,
  "DistantSoundEffects": true,
  "LogDebugMessages": false,
  "ShowFramerate": false,
  "ZoomSensitivity": 1.0,
  "ThermalVisionUpdateRate": 25,
  "DeleteWireByContextMenu": true,
  "TemperatureUnit": "Celsius",
  "VSync": false,
  "SMAA": false,
  "TonemappingMode": "Modern",
  "Brightness": 100.0,
  "RenderScale": 1.0,
  "FramerateLimit": 144,
  "SimplifiedBackground": false,
  "WindowMode": "Borderless",
  "Resolution": null,
  "ShowTutorial": true,
  "ToyboxSizeOffset": 483.6
}
0 [LOG] Registered map "Abyss" with ID cce24b21-779f-44e4-a4f5-9cc5c3fc6b18
0 [LOG] Registered map "Blocks" with ID b77a3f22-10da-4ef5-9dce-0413f15e15c1
0 [LOG] Registered map "Default" with ID fb813068-e717-45de-a97f-4677a41758e6
0 [LOG] Registered map "Humongous" with ID 8a2f165e-d4e9-4e6c-b20c-8ffa660c10c8
0 [LOG] Registered map "Hybrid" with ID 1f444372-71ce-4862-a02e-708d82eb9dc0
0 [LOG] Registered map "Lava" with ID 498b4aad-0ccc-4167-aee2-324a28cd57ae
0 [LOG] Registered map "Sea" with ID 35a41d94-8bc7-47a2-93de-3a297955e97c
0 [LOG] Registered map "Slanted" with ID 75c18cc2-5e0d-4e3c-b966-c852cdd1bb8b
0 [LOG] Registered map "Small" with ID 544cf3d4-018d-4dd1-b442-b3845e07f1a3
0 [LOG] Registered map "Snow" with ID 3924fb95-dc1d-43e9-b8b1-b161b91c1f9b
0 [LOG] Registered map "Tiny" with ID 5b8c90b2-59fb-4fc7-9915-229cbc04ef0d
0 [LOG] Registered map "Tower" with ID 5bb837ca-bbf1-4b64-a39d-33b0ab684e1d
0 [LOG] Registered map "Void" with ID 265b1c13-c372-4ea4-8448-09731f0b0985
0 [LOG] Registered map "Substructure" with ID 004cb5da-0d40-4fc7-aba2-d86a9659c724
0 [ERROR] Failed to read trust cache: Could not find a part of the path "C:\Users\DIMA\Desktop\Папки\projects\electronapp\People Playground_Data\tc.bin".
	0x00007fff2bccec7c (UnityPlayer) 
0x00007fff2bcd3ac3 (UnityPlayer) 
0x00007fff2bcbe09d (UnityPlayer) 
0x00007fff2c693829 (UnityPlayer) UnityMain
0x00007fff2c113f40 (UnityPlayer) UnityMain
0x000001b66e91e66e (Mono JIT Code) (wrapper managed-to-native) UnityEngine.DebugLogHandler:Internal_Log (UnityEngine.LogType,UnityEngine.LogOption,string,UnityEngine.Object)
0x000001b66e91e07b (Mono JIT Code) UnityEngine.DebugLogHandler:LogFormat (UnityEngine.LogType,UnityEngine.Object,string,object[])
0x000001b66e926371 (Mono JIT Code) UnityEngine.Logger:LogFormat (UnityEngine.LogType,string,object[])
0x000001b670044c9a (Mono JIT Code) UnityEngine.Debug:LogErrorFormat (string,object[])
0x000001b67004469b (Mono JIT Code) TrustCache:Load ()
0x000001b670041493 (Mono JIT Code) BackgroundItemLoader/<LoadingCoroutine>d__9:MoveNext ()
0x000001b66fc290bc (Mono JIT Code) UnityEngine.SetupCoroutine:InvokeMoveNext (System.Collections.IEnumerator,intptr)
0x000001b66fc291e7 (Mono JIT Code) (wrapper runtime-invoke) <Module>:runtime_invoke_void_object_intptr (object,intptr,intptr,intptr)
0x00007fff304be480 (mono-2.0-bdwgc) mono_get_runtime_build_info
0x00007fff30442902 (mono-2.0-bdwgc) mono_perfcounters_init
0x00007fff3044b95f (mono-2.0-bdwgc) mono_runtime_invoke
0x00007fff2c0a233d (UnityPlayer) UnityMain
0x00007fff2c09f5c2 (UnityPlayer) UnityMain
0x00007fff2c082cb5 (UnityPlayer) UnityMain
0x00007fff2c08d251 (UnityPlayer) UnityMain
0x00007fff2c08c493 (UnityPlayer) UnityMain
0x00007fff2c1751f4 (UnityPlayer) UnityMain
0x000001b66fc28f99 (Mono JIT Code) (wrapper managed-to-native) UnityEngine.MonoBehaviour:StartCoroutineManaged2 (UnityEngine.MonoBehaviour,System.Collections.IEnumerator)
0x000001b66fc28d03 (Mono JIT Code) UnityEngine.MonoBehaviour:StartCoroutine (System.Collections.IEnumerator)
0x000001b670040f53 (Mono JIT Code) BackgroundItemLoader:Start ()
0x000001b5d5e09e60 (Mono JIT Code) (wrapper runtime-invoke) object:runtime_invoke_void__this__ (object,intptr,intptr,intptr)
0x00007fff304be480 (mono-2.0-bdwgc) mono_get_runtime_build_info
0x00007fff30442902 (mono-2.0-bdwgc) mono_perfcounters_init
0x00007fff3044b95f (mono-2.0-bdwgc) mono_runtime_invoke
0x00007fff2c0a233d (UnityPlayer) UnityMain
0x00007fff2c09f5c2 (UnityPlayer) UnityMain
0x00007fff2c089da0 (UnityPlayer) UnityMain
0x00007fff2c089e2e (UnityPlayer) UnityMain
0x00007fff2c08762a (UnityPlayer) UnityMain
0x00007fff2be04f44 (UnityPlayer) UnityMain
0x00007fff2bf32ada (UnityPlayer) UnityMain
0x00007fff2bf32b80 (UnityPlayer) UnityMain
0x00007fff2bf368d8 (UnityPlayer) UnityMain
0x00007fff2bcfbc4a (UnityPlayer) 
0x00007fff2bcfa2bd (UnityPlayer) 
0x00007fff2bcff392 (UnityPlayer) 
0x00007fff2bd002ab (UnityPlayer) UnityMain
0x00007ff645c411f2 (People Playground) 
0x00007fffc3057374 (KERNEL32) BaseThreadInitThunk
0x00007fffc459cc91 (ntdll) RtlUserThreadStart


0 [LOG] Started background loading task: Steam Workshop Retrieving list
6,18 [LOG] Finished background loading task: Steam Workshop Retrieving list
6,18 [LOG] Started background loading task: Contraptions Reading
6,2 [LOG] Finished background loading task: Contraptions Reading
6,2 [LOG] Started background loading task: Contraptions Synchronising
6,28 [LOG] Finished background loading task: Contraptions Synchronising
7,83 [LOG] Compiler client stopped and server terminated.
7,83 [EXCEPTION] DirectoryNotFoundException: Could not find a part of the path "C:\Users\DIMA\Desktop\Папки\projects\electronapp\People Playground_Data\tc.bin".
	System.IO.FileStream..ctor (System.String path, System.IO.FileMode mode, System.IO.FileAccess access, System.IO.FileShare share, System.Int32 bufferSize, System.Boolean anonymous, System.IO.FileOptions options) (at <eae584ce26bc40229c1b1aa476bfa589>:0)
System.IO.FileStream..ctor (System.String path, System.IO.FileMode mode, System.IO.FileAccess access, System.IO.FileShare share, System.Int32 bufferSize) (at <eae584ce26bc40229c1b1aa476bfa589>:0)
(wrapper remoting-invoke-with-check) System.IO.FileStream..ctor(string,System.IO.FileMode,System.IO.FileAccess,System.IO.FileShare,int)
System.IO.File.Create (System.String path, System.Int32 bufferSize) (at <eae584ce26bc40229c1b1aa476bfa589>:0)
System.IO.File.Create (System.String path) (at <eae584ce26bc40229c1b1aa476bfa589>:0)
System.IO.File.WriteAllBytes (System.String path, System.Byte[] bytes) (at <eae584ce26bc40229c1b1aa476bfa589>:0)
TrustCache.Save () (at <05ef5c21f20b48069e98ceefdb5d9a6e>:0)
BackgroundItemLoader.OnApplicationQuit () (at <05ef5c21f20b48069e98ceefdb5d9a6e>:0)


